  [1m[35m (619.4ms)[0m  [1m[35mCREATE DATABASE "todo_project_development" ENCODING = 'unicode'[0m
  ↳ bin/rails:9
  [1m[35m (327.1ms)[0m  [1m[35mCREATE DATABASE "todo_project_test" ENCODING = 'unicode'[0m
  ↳ bin/rails:9
  [1m[35m (280.3ms)[0m  [1m[35mCREATE TABLE "schema_migrations" ("version" character varying NOT NULL PRIMARY KEY)[0m
  ↳ bin/rails:9
  [1m[35m (11.2ms)[0m  [1m[35mCREATE TABLE "ar_internal_metadata" ("key" character varying NOT NULL PRIMARY KEY, "value" character varying, "created_at" timestamp NOT NULL, "updated_at" timestamp NOT NULL)[0m
  ↳ bin/rails:9
  [1m[35m (22.5ms)[0m  [1m[34mSELECT pg_try_advisory_lock(2978598523814737530)[0m
  ↳ bin/rails:9
  [1m[35m (14.3ms)[0m  [1m[34mSELECT "schema_migrations"."version" FROM "schema_migrations" ORDER BY "schema_migrations"."version" ASC[0m
  ↳ bin/rails:9
Migrating to CreateTodos (20190423213216)
  [1m[35m (0.3ms)[0m  [1m[35mBEGIN[0m
  ↳ bin/rails:9
  [1m[35m (113.7ms)[0m  [1m[35mCREATE TABLE "todos" ("id" bigserial primary key, "title" text, "body" text, "done" boolean DEFAULT FALSE, "created_at" timestamp NOT NULL, "updated_at" timestamp NOT NULL)[0m
  ↳ db/migrate/20190423213216_create_todos.rb:3
  [1m[36mActiveRecord::SchemaMigration Create (54.9ms)[0m  [1m[32mINSERT INTO "schema_migrations" ("version") VALUES ($1) RETURNING "version"[0m  [["version", "20190423213216"]]
  ↳ bin/rails:9
  [1m[35m (0.8ms)[0m  [1m[35mCOMMIT[0m
  ↳ bin/rails:9
  [1m[36mActiveRecord::InternalMetadata Load (36.9ms)[0m  [1m[34mSELECT  "ar_internal_metadata".* FROM "ar_internal_metadata" WHERE "ar_internal_metadata"."key" = $1 LIMIT $2[0m  [["key", "environment"], ["LIMIT", 1]]
  ↳ bin/rails:9
  [1m[35m (0.2ms)[0m  [1m[35mBEGIN[0m
  ↳ bin/rails:9
  [1m[36mActiveRecord::InternalMetadata Create (26.5ms)[0m  [1m[32mINSERT INTO "ar_internal_metadata" ("key", "value", "created_at", "updated_at") VALUES ($1, $2, $3, $4) RETURNING "key"[0m  [["key", "environment"], ["value", "development"], ["created_at", "2019-04-23 21:35:08.765043"], ["updated_at", "2019-04-23 21:35:08.765043"]]
  ↳ bin/rails:9
  [1m[35m (0.4ms)[0m  [1m[35mCOMMIT[0m
  ↳ bin/rails:9
  [1m[35m (0.3ms)[0m  [1m[34mSELECT pg_advisory_unlock(2978598523814737530)[0m
  ↳ bin/rails:9
  [1m[35m (22.2ms)[0m  [1m[34mSELECT "schema_migrations"."version" FROM "schema_migrations" ORDER BY "schema_migrations"."version" ASC[0m
  ↳ bin/rails:9
  [1m[35m (0.9ms)[0m  [1m[34mSELECT "schema_migrations"."version" FROM "schema_migrations" ORDER BY "schema_migrations"."version" ASC[0m
  ↳ /usr/local/var/rbenv/versions/2.5.0/bin/annotate:23
  [1m[35m (0.3ms)[0m  [1m[35mBEGIN[0m
  [1m[36mTodo Create (22.6ms)[0m  [1m[32mINSERT INTO "todos" ("title", "created_at", "updated_at") VALUES ($1, $2, $3) RETURNING "id"[0m  [["title", "Hello"], ["created_at", "2019-04-23 21:39:08.815435"], ["updated_at", "2019-04-23 21:39:08.815435"]]
  [1m[35m (19.7ms)[0m  [1m[35mCOMMIT[0m
  [1m[36mTodo Load (41.6ms)[0m  [1m[34mSELECT "todos".* FROM "todos"[0m
Started GET "/todos/1" for ::1 at 2019-04-23 14:43:52 -0700
  [1m[35m (12.7ms)[0m  [1m[34mSELECT "schema_migrations"."version" FROM "schema_migrations" ORDER BY "schema_migrations"."version" ASC[0m
  ↳ /usr/local/var/rbenv/versions/2.5.0/lib/ruby/gems/2.5.0/gems/activerecord-5.2.3/lib/active_record/log_subscriber.rb:98
Processing by TodosController#show as HTML
  Parameters: {"id"=>"1"}
  [1m[36mTodo Load (0.9ms)[0m  [1m[34mSELECT  "todos".* FROM "todos" WHERE "todos"."id" = $1 LIMIT $2[0m  [["id", 1], ["LIMIT", 1]]
  ↳ app/controllers/todos_controller.rb:4
Completed 500 Internal Server Error in 102ms (ActiveRecord: 8.5ms)



ActionView::MissingTemplate - Missing template todos/json, application/json with {:locale=>[:en], :formats=>[:html], :variants=>[], :handlers=>[:raw, :erb, :html, :builder, :ruby, :coffee, :jbuilder]}. Searched in:
  * "/Users/appacademy/Desktop/todo_project/app/views"
:
  app/controllers/todos_controller.rb:5:in `show'

Started POST "/__better_errors/c6de6c02e69c6dad/variables" for ::1 at 2019-04-23 14:43:52 -0700
Started GET "/todos/1" for ::1 at 2019-04-23 14:44:43 -0700
Processing by TodosController#show as HTML
  Parameters: {"id"=>"1"}
  [1m[36mTodo Load (0.4ms)[0m  [1m[34mSELECT  "todos".* FROM "todos" WHERE "todos"."id" = $1 LIMIT $2[0m  [["id", 1], ["LIMIT", 1]]
  ↳ app/controllers/todos_controller.rb:4
Completed 200 OK in 32ms (Views: 14.3ms | ActiveRecord: 7.4ms)


Started GET "/todos/" for ::1 at 2019-04-23 14:46:04 -0700
Processing by TodosController#index as HTML
  [1m[36mTodo Load (0.4ms)[0m  [1m[34mSELECT "todos".* FROM "todos"[0m
  ↳ app/controllers/todos_controller.rb:8
Completed 200 OK in 32ms (Views: 7.3ms | ActiveRecord: 6.9ms)


  [1m[35m (0.3ms)[0m  [1m[35mBEGIN[0m
  [1m[36mTodo Create (13.5ms)[0m  [1m[32mINSERT INTO "todos" ("title", "created_at", "updated_at") VALUES ($1, $2, $3) RETURNING "id"[0m  [["title", "Make a bomb full stack project"], ["created_at", "2019-04-23 22:00:36.028856"], ["updated_at", "2019-04-23 22:00:36.028856"]]
  [1m[35m (20.5ms)[0m  [1m[35mCOMMIT[0m
  [1m[35m (0.2ms)[0m  [1m[35mBEGIN[0m
  [1m[36mTodo Create (0.5ms)[0m  [1m[32mINSERT INTO "todos" ("title", "done", "created_at", "updated_at") VALUES ($1, $2, $3, $4) RETURNING "id"[0m  [["title", "get plastered and make bad decisions"], ["done", true], ["created_at", "2019-04-23 22:01:14.726991"], ["updated_at", "2019-04-23 22:01:14.726991"]]
  [1m[35m (0.5ms)[0m  [1m[35mCOMMIT[0m
  [1m[35m (0.2ms)[0m  [1m[35mBEGIN[0m
  [1m[36mTodo Create (0.5ms)[0m  [1m[32mINSERT INTO "todos" ("title", "created_at", "updated_at") VALUES ($1, $2, $3) RETURNING "id"[0m  [["title", "self-actualize"], ["created_at", "2019-04-23 22:01:38.277325"], ["updated_at", "2019-04-23 22:01:38.277325"]]
  [1m[35m (0.7ms)[0m  [1m[35mCOMMIT[0m
Started GET "/" for ::1 at 2019-04-23 15:01:51 -0700
Processing by StaticPagesController#root as HTML
  Rendering static_pages/root.html.erb within layouts/application
  Rendered static_pages/root.html.erb within layouts/application (18.3ms)
Completed 200 OK in 1514ms (Views: 1492.1ms | ActiveRecord: 0.0ms)


Started GET "/api/todos/4" for ::1 at 2019-04-23 15:02:19 -0700

NameError - uninitialized constant Api:

Started POST "/__better_errors/74de31958e9444b5/variables" for ::1 at 2019-04-23 15:02:19 -0700
Started GET "/api/todos" for ::1 at 2019-04-23 15:02:41 -0700

NameError - uninitialized constant Api:

Started POST "/__better_errors/cc5746390191e8e0/variables" for ::1 at 2019-04-23 15:02:41 -0700
Started GET "/api/todos" for ::1 at 2019-04-23 15:03:25 -0700

NameError - uninitialized constant Api:

Started POST "/__better_errors/c4a806b9596695e7/variables" for ::1 at 2019-04-23 15:03:25 -0700
Started GET "/api/todos" for ::1 at 2019-04-23 15:04:19 -0700
  [1m[35m (12.4ms)[0m  [1m[34mSELECT "schema_migrations"."version" FROM "schema_migrations" ORDER BY "schema_migrations"."version" ASC[0m
  ↳ /usr/local/var/rbenv/versions/2.5.0/lib/ruby/gems/2.5.0/gems/activerecord-5.2.3/lib/active_record/log_subscriber.rb:98

NameError - uninitialized constant Api:

Started POST "/__better_errors/7e1ff807290bf438/variables" for ::1 at 2019-04-23 15:04:19 -0700
Started GET "/" for ::1 at 2019-04-23 15:05:13 -0700
  [1m[35m (1.0ms)[0m  [1m[34mSELECT "schema_migrations"."version" FROM "schema_migrations" ORDER BY "schema_migrations"."version" ASC[0m
  ↳ /usr/local/var/rbenv/versions/2.5.0/lib/ruby/gems/2.5.0/gems/activerecord-5.2.3/lib/active_record/log_subscriber.rb:98
Processing by StaticPagesController#root as HTML
  Rendering static_pages/root.html.erb within layouts/application
  Rendered static_pages/root.html.erb within layouts/application (1.1ms)
Completed 200 OK in 395ms (Views: 383.5ms | ActiveRecord: 0.0ms)


Started GET "/api/todos" for ::1 at 2019-04-23 15:05:20 -0700

NameError - uninitialized constant Api:

Started POST "/__better_errors/f6fb637576d059fa/variables" for ::1 at 2019-04-23 15:05:20 -0700
Started GET "/todos" for ::1 at 2019-04-23 15:05:59 -0700
  
ActionController::RoutingError (No route matches [GET] "/todos"):
  
actionpack (5.2.3) lib/action_dispatch/middleware/debug_exceptions.rb:65:in `call'
web-console (3.7.0) lib/web_console/middleware.rb:135:in `call_app'
web-console (3.7.0) lib/web_console/middleware.rb:30:in `block in call'
web-console (3.7.0) lib/web_console/middleware.rb:20:in `catch'
web-console (3.7.0) lib/web_console/middleware.rb:20:in `call'
actionpack (5.2.3) lib/action_dispatch/middleware/show_exceptions.rb:33:in `call'
railties (5.2.3) lib/rails/rack/logger.rb:38:in `call_app'
railties (5.2.3) lib/rails/rack/logger.rb:26:in `block in call'
activesupport (5.2.3) lib/active_support/tagged_logging.rb:71:in `block in tagged'
activesupport (5.2.3) lib/active_support/tagged_logging.rb:28:in `tagged'
activesupport (5.2.3) lib/active_support/tagged_logging.rb:71:in `tagged'
railties (5.2.3) lib/rails/rack/logger.rb:26:in `call'
sprockets-rails (3.2.1) lib/sprockets/rails/quiet_assets.rb:13:in `call'
actionpack (5.2.3) lib/action_dispatch/middleware/remote_ip.rb:81:in `call'
actionpack (5.2.3) lib/action_dispatch/middleware/request_id.rb:27:in `call'
rack (2.0.7) lib/rack/method_override.rb:22:in `call'
rack (2.0.7) lib/rack/runtime.rb:22:in `call'
activesupport (5.2.3) lib/active_support/cache/strategy/local_cache_middleware.rb:29:in `call'
actionpack (5.2.3) lib/action_dispatch/middleware/executor.rb:14:in `call'
actionpack (5.2.3) lib/action_dispatch/middleware/static.rb:127:in `call'
rack (2.0.7) lib/rack/sendfile.rb:111:in `call'
railties (5.2.3) lib/rails/engine.rb:524:in `call'
puma (3.12.1) lib/puma/configuration.rb:227:in `call'
puma (3.12.1) lib/puma/server.rb:660:in `handle_request'
puma (3.12.1) lib/puma/server.rb:474:in `process_client'
puma (3.12.1) lib/puma/server.rb:334:in `block in run'
puma (3.12.1) lib/puma/thread_pool.rb:135:in `block in spawn_thread'
Started GET "/api/todos" for ::1 at 2019-04-23 15:06:20 -0700

NameError - uninitialized constant Api:

Started POST "/__better_errors/1d0918e5c54bdfdd/variables" for ::1 at 2019-04-23 15:06:20 -0700
Started GET "/" for ::1 at 2019-04-23 15:07:16 -0700
Processing by StaticPagesController#root as HTML
  Rendering static_pages/root.html.erb within layouts/application
  Rendered static_pages/root.html.erb within layouts/application (0.8ms)
Completed 200 OK in 205ms (Views: 192.1ms | ActiveRecord: 0.0ms)


Started GET "/todos" for ::1 at 2019-04-23 15:07:27 -0700
  
ActionController::RoutingError (No route matches [GET] "/todos"):
  
actionpack (5.2.3) lib/action_dispatch/middleware/debug_exceptions.rb:65:in `call'
web-console (3.7.0) lib/web_console/middleware.rb:135:in `call_app'
web-console (3.7.0) lib/web_console/middleware.rb:30:in `block in call'
web-console (3.7.0) lib/web_console/middleware.rb:20:in `catch'
web-console (3.7.0) lib/web_console/middleware.rb:20:in `call'
actionpack (5.2.3) lib/action_dispatch/middleware/show_exceptions.rb:33:in `call'
railties (5.2.3) lib/rails/rack/logger.rb:38:in `call_app'
railties (5.2.3) lib/rails/rack/logger.rb:26:in `block in call'
activesupport (5.2.3) lib/active_support/tagged_logging.rb:71:in `block in tagged'
activesupport (5.2.3) lib/active_support/tagged_logging.rb:28:in `tagged'
activesupport (5.2.3) lib/active_support/tagged_logging.rb:71:in `tagged'
railties (5.2.3) lib/rails/rack/logger.rb:26:in `call'
sprockets-rails (3.2.1) lib/sprockets/rails/quiet_assets.rb:13:in `call'
actionpack (5.2.3) lib/action_dispatch/middleware/remote_ip.rb:81:in `call'
actionpack (5.2.3) lib/action_dispatch/middleware/request_id.rb:27:in `call'
rack (2.0.7) lib/rack/method_override.rb:22:in `call'
rack (2.0.7) lib/rack/runtime.rb:22:in `call'
activesupport (5.2.3) lib/active_support/cache/strategy/local_cache_middleware.rb:29:in `call'
actionpack (5.2.3) lib/action_dispatch/middleware/executor.rb:14:in `call'
actionpack (5.2.3) lib/action_dispatch/middleware/static.rb:127:in `call'
rack (2.0.7) lib/rack/sendfile.rb:111:in `call'
railties (5.2.3) lib/rails/engine.rb:524:in `call'
puma (3.12.1) lib/puma/configuration.rb:227:in `call'
puma (3.12.1) lib/puma/server.rb:660:in `handle_request'
puma (3.12.1) lib/puma/server.rb:474:in `process_client'
puma (3.12.1) lib/puma/server.rb:334:in `block in run'
puma (3.12.1) lib/puma/thread_pool.rb:135:in `block in spawn_thread'
Started GET "/api/todos" for ::1 at 2019-04-23 15:07:38 -0700

NameError - uninitialized constant Api:

Started POST "/__better_errors/f56f15a64da3e7d2/variables" for ::1 at 2019-04-23 15:07:39 -0700
Started GET "/api/todos" for ::1 at 2019-04-23 15:09:26 -0700

NameError - uninitialized constant Api:

Started POST "/__better_errors/2c95f9d050d29303/variables" for ::1 at 2019-04-23 15:09:26 -0700
Started GET "/api/todos" for ::1 at 2019-04-23 15:09:47 -0700
  [1m[35m (19.6ms)[0m  [1m[34mSELECT "schema_migrations"."version" FROM "schema_migrations" ORDER BY "schema_migrations"."version" ASC[0m
  ↳ /usr/local/var/rbenv/versions/2.5.0/lib/ruby/gems/2.5.0/gems/activerecord-5.2.3/lib/active_record/log_subscriber.rb:98

NameError - uninitialized constant Api:

Started POST "/__better_errors/a58b608ec6f17385/variables" for ::1 at 2019-04-23 15:09:48 -0700
Started GET "/api/todos" for ::1 at 2019-04-23 15:09:50 -0700

NameError - uninitialized constant Api:

Started POST "/__better_errors/a13b48ebb1240721/variables" for ::1 at 2019-04-23 15:09:50 -0700
Started GET "/api/todos" for ::1 at 2019-04-23 15:12:04 -0700
Processing by Api::TodosController#index as JSON
  [1m[36mTodo Load (1.7ms)[0m  [1m[34mSELECT "todos".* FROM "todos"[0m
  ↳ app/controllers/api/todos_controller.rb:9
Completed 200 OK in 81ms (Views: 35.4ms | ActiveRecord: 10.8ms)


Started GET "/api/todos" for ::1 at 2019-04-23 15:12:52 -0700

LoadError - Unable to autoload constant Api::TodosController, expected /Users/appacademy/Desktop/todo_project/app/controllers/api/todos_controller.rb to define it:

Started POST "/__better_errors/95036ee961281443/variables" for ::1 at 2019-04-23 15:12:52 -0700
Started GET "/api/todos" for ::1 at 2019-04-23 15:13:02 -0700
Processing by Api::TodosController#index as JSON
  [1m[36mTodo Load (0.5ms)[0m  [1m[34mSELECT "todos".* FROM "todos"[0m
  ↳ app/controllers/api/todos_controller.rb:9
Completed 200 OK in 50ms (Views: 9.6ms | ActiveRecord: 7.2ms)


Started GET "/api/todos" for ::1 at 2019-04-23 15:21:35 -0700
  [1m[35m (1.4ms)[0m  [1m[34mSELECT "schema_migrations"."version" FROM "schema_migrations" ORDER BY "schema_migrations"."version" ASC[0m
  ↳ /usr/local/var/rbenv/versions/2.5.0/lib/ruby/gems/2.5.0/gems/activerecord-5.2.3/lib/active_record/log_subscriber.rb:98
Processing by Api::TodosController#index as JSON
  [1m[36mTodo Load (0.8ms)[0m  [1m[34mSELECT "todos".* FROM "todos"[0m
  ↳ app/controllers/api/todos_controller.rb:9
Completed 200 OK in 58ms (Views: 18.8ms | ActiveRecord: 8.2ms)


Started GET "/" for ::1 at 2019-04-23 15:23:31 -0700
Processing by StaticPagesController#root as HTML
  Rendering static_pages/root.html.erb within layouts/application
  Rendered static_pages/root.html.erb within layouts/application (6.8ms)
Started GET "/" for ::1 at 2019-04-23 15:23:34 -0700
Processing by StaticPagesController#root as HTML
  Rendering static_pages/root.html.erb within layouts/application
  Rendered static_pages/root.html.erb within layouts/application (0.4ms)
Completed 200 OK in 4190ms (Views: 4183.8ms | ActiveRecord: 0.0ms)


Completed 200 OK in 492ms (Views: 489.6ms | ActiveRecord: 0.0ms)


Started GET "/api/todos" for ::1 at 2019-04-23 15:26:05 -0700
Processing by Api::TodosController#index as JSON
  [1m[36mTodo Load (1.3ms)[0m  [1m[34mSELECT "todos".* FROM "todos"[0m
  ↳ app/controllers/api/todos_controller.rb:9
Completed 200 OK in 4ms (Views: 2.0ms | ActiveRecord: 1.3ms)


Started POST "/api/todos" for ::1 at 2019-04-23 15:27:13 -0700
Processing by Api::TodosController#create as JSON
  Parameters: {"todo"=>{"title"=>"Hello there", "done"=>"false"}}
  [1m[35m (0.3ms)[0m  [1m[35mBEGIN[0m
  ↳ app/controllers/api/todos_controller.rb:15
  [1m[36mTodo Create (11.2ms)[0m  [1m[32mINSERT INTO "todos" ("title", "created_at", "updated_at") VALUES ($1, $2, $3) RETURNING "id"[0m  [["title", "Hello there"], ["created_at", "2019-04-23 22:27:13.465373"], ["updated_at", "2019-04-23 22:27:13.465373"]]
  ↳ app/controllers/api/todos_controller.rb:15
  [1m[35m (0.7ms)[0m  [1m[35mCOMMIT[0m
  ↳ app/controllers/api/todos_controller.rb:15
Completed 200 OK in 17ms (Views: 0.4ms | ActiveRecord: 12.2ms)


Started GET "/" for ::1 at 2019-04-23 15:39:52 -0700
Processing by StaticPagesController#root as HTML
  Rendering static_pages/root.html.erb within layouts/application
  Rendered static_pages/root.html.erb within layouts/application (0.4ms)
Completed 200 OK in 1001ms (Views: 988.3ms | ActiveRecord: 0.0ms)


Started GET "/" for ::1 at 2019-04-23 16:06:14 -0700
Processing by StaticPagesController#root as HTML
  Rendering static_pages/root.html.erb within layouts/application
  Rendered static_pages/root.html.erb within layouts/application (1.0ms)
Completed 200 OK in 1054ms (Views: 1042.5ms | ActiveRecord: 0.0ms)


Started GET "/" for ::1 at 2019-04-23 16:06:46 -0700
Processing by StaticPagesController#root as HTML
  Rendering static_pages/root.html.erb within layouts/application
  Rendered static_pages/root.html.erb within layouts/application (0.4ms)
Completed 200 OK in 948ms (Views: 931.9ms | ActiveRecord: 0.0ms)


Started GET "/" for ::1 at 2019-04-23 16:06:48 -0700
Processing by StaticPagesController#root as HTML
  Rendering static_pages/root.html.erb within layouts/application
  Rendered static_pages/root.html.erb within layouts/application (0.4ms)
Completed 200 OK in 37ms (Views: 35.1ms | ActiveRecord: 0.0ms)


Started GET "/api/todos" for ::1 at 2019-04-23 16:06:52 -0700
Processing by Api::TodosController#index as JSON
  [1m[36mTodo Load (1.7ms)[0m  [1m[34mSELECT "todos".* FROM "todos"[0m
  ↳ app/controllers/api/todos_controller.rb:9
Completed 200 OK in 6ms (Views: 3.8ms | ActiveRecord: 1.7ms)


Started GET "/api/todos" for ::1 at 2019-04-23 16:07:32 -0700
Processing by Api::TodosController#index as JSON
  [1m[36mTodo Load (0.6ms)[0m  [1m[34mSELECT "todos".* FROM "todos"[0m
  ↳ app/controllers/api/todos_controller.rb:9
Completed 200 OK in 3ms (Views: 2.3ms | ActiveRecord: 0.6ms)


Started GET "/" for ::1 at 2019-04-23 16:07:54 -0700
Processing by StaticPagesController#root as HTML
  Rendering static_pages/root.html.erb within layouts/application
  Rendered static_pages/root.html.erb within layouts/application (0.5ms)
Completed 200 OK in 1062ms (Views: 1010.5ms | ActiveRecord: 0.0ms)


Started GET "/api/todos" for ::1 at 2019-04-23 16:07:57 -0700
Processing by Api::TodosController#index as JSON
  [1m[36mTodo Load (0.4ms)[0m  [1m[34mSELECT "todos".* FROM "todos"[0m
  ↳ app/controllers/api/todos_controller.rb:9
Completed 200 OK in 2ms (Views: 1.7ms | ActiveRecord: 0.4ms)


Started GET "/" for ::1 at 2019-04-23 16:08:05 -0700
Processing by StaticPagesController#root as HTML
  Rendering static_pages/root.html.erb within layouts/application
  Rendered static_pages/root.html.erb within layouts/application (0.7ms)
Completed 200 OK in 60ms (Views: 56.6ms | ActiveRecord: 0.0ms)


Started GET "/api/todos" for ::1 at 2019-04-23 16:08:07 -0700
Processing by Api::TodosController#index as JSON
  [1m[36mTodo Load (0.5ms)[0m  [1m[34mSELECT "todos".* FROM "todos"[0m
  ↳ app/controllers/api/todos_controller.rb:9
Completed 200 OK in 4ms (Views: 3.0ms | ActiveRecord: 0.5ms)


Started GET "/" for ::1 at 2019-04-23 16:10:10 -0700
Processing by StaticPagesController#root as HTML
  Rendering static_pages/root.html.erb within layouts/application
  Rendered static_pages/root.html.erb within layouts/application (0.9ms)
Completed 200 OK in 1182ms (Views: 1161.0ms | ActiveRecord: 0.0ms)


Started GET "/" for ::1 at 2019-04-23 16:10:14 -0700
Processing by StaticPagesController#root as HTML
  Rendering static_pages/root.html.erb within layouts/application
  Rendered static_pages/root.html.erb within layouts/application (0.4ms)
Completed 200 OK in 31ms (Views: 28.0ms | ActiveRecord: 0.0ms)


Started GET "/" for ::1 at 2019-04-23 16:13:36 -0700
Processing by StaticPagesController#root as HTML
  Rendering static_pages/root.html.erb within layouts/application
  Rendered static_pages/root.html.erb within layouts/application (1.0ms)
Completed 200 OK in 1092ms (Views: 1053.9ms | ActiveRecord: 0.0ms)


Started GET "/" for ::1 at 2019-04-23 16:13:42 -0700
Processing by StaticPagesController#root as HTML
  Rendering static_pages/root.html.erb within layouts/application
  Rendered static_pages/root.html.erb within layouts/application (0.5ms)
Completed 200 OK in 30ms (Views: 26.1ms | ActiveRecord: 0.0ms)


Started GET "/" for ::1 at 2019-04-23 16:13:47 -0700
Processing by StaticPagesController#root as HTML
  Rendering static_pages/root.html.erb within layouts/application
  Rendered static_pages/root.html.erb within layouts/application (0.4ms)
Completed 200 OK in 32ms (Views: 29.7ms | ActiveRecord: 0.0ms)


Started GET "/" for ::1 at 2019-04-23 16:13:51 -0700
Processing by StaticPagesController#root as HTML
  Rendering static_pages/root.html.erb within layouts/application
  Rendered static_pages/root.html.erb within layouts/application (0.4ms)
Completed 200 OK in 769ms (Views: 765.6ms | ActiveRecord: 0.0ms)


Started GET "/" for ::1 at 2019-04-23 16:16:30 -0700
Processing by StaticPagesController#root as HTML
  Rendering static_pages/root.html.erb within layouts/application
  Rendered static_pages/root.html.erb within layouts/application (1.6ms)
Completed 200 OK in 1068ms (Views: 1018.6ms | ActiveRecord: 0.0ms)


Started GET "/" for ::1 at 2019-04-23 16:16:56 -0700
Processing by StaticPagesController#root as HTML
  Rendering static_pages/root.html.erb within layouts/application
  Rendered static_pages/root.html.erb within layouts/application (1.0ms)
Completed 200 OK in 903ms (Views: 891.5ms | ActiveRecord: 0.0ms)


Started GET "/" for ::1 at 2019-04-23 16:18:12 -0700
Processing by StaticPagesController#root as HTML
  Rendering static_pages/root.html.erb within layouts/application
  Rendered static_pages/root.html.erb within layouts/application (0.4ms)
Completed 200 OK in 1056ms (Views: 1041.0ms | ActiveRecord: 0.0ms)


Started GET "/api/todos" for ::1 at 2019-04-23 16:18:14 -0700
Processing by Api::TodosController#index as JSON
  [1m[36mTodo Load (3.5ms)[0m  [1m[34mSELECT "todos".* FROM "todos"[0m
  ↳ app/controllers/api/todos_controller.rb:9
Completed 200 OK in 11ms (Views: 6.6ms | ActiveRecord: 3.5ms)


Started GET "/" for ::1 at 2019-04-23 16:22:57 -0700
Processing by StaticPagesController#root as HTML
  Rendering static_pages/root.html.erb within layouts/application
  Rendered static_pages/root.html.erb within layouts/application (0.4ms)
Completed 200 OK in 208ms (Views: 191.0ms | ActiveRecord: 0.0ms)


Started GET "/api/todos" for ::1 at 2019-04-23 16:22:58 -0700
Processing by Api::TodosController#index as JSON
  [1m[36mTodo Load (0.7ms)[0m  [1m[34mSELECT "todos".* FROM "todos"[0m
  ↳ app/controllers/api/todos_controller.rb:9
Completed 200 OK in 4ms (Views: 3.3ms | ActiveRecord: 0.7ms)


Started GET "/" for ::1 at 2019-04-23 16:24:13 -0700
Processing by StaticPagesController#root as HTML
  Rendering static_pages/root.html.erb within layouts/application
  Rendered static_pages/root.html.erb within layouts/application (0.5ms)
Completed 200 OK in 1011ms (Views: 995.6ms | ActiveRecord: 0.0ms)


Started GET "/api/todos" for ::1 at 2019-04-23 16:24:15 -0700
Processing by Api::TodosController#index as JSON
  [1m[36mTodo Load (0.7ms)[0m  [1m[34mSELECT "todos".* FROM "todos"[0m
  ↳ app/controllers/api/todos_controller.rb:9
Completed 200 OK in 4ms (Views: 2.1ms | ActiveRecord: 0.7ms)


Started GET "/" for ::1 at 2019-04-23 16:28:08 -0700
Processing by StaticPagesController#root as HTML
  Rendering static_pages/root.html.erb within layouts/application
  Rendered static_pages/root.html.erb within layouts/application (0.4ms)
Completed 200 OK in 197ms (Views: 179.8ms | ActiveRecord: 0.0ms)


Started GET "/api/todos" for ::1 at 2019-04-23 16:28:09 -0700
Processing by Api::TodosController#index as JSON
  [1m[36mTodo Load (1.1ms)[0m  [1m[34mSELECT "todos".* FROM "todos"[0m
  ↳ app/controllers/api/todos_controller.rb:9
Completed 200 OK in 6ms (Views: 4.9ms | ActiveRecord: 1.1ms)


Started GET "/" for ::1 at 2019-04-23 16:35:48 -0700
Processing by StaticPagesController#root as HTML
  Rendering static_pages/root.html.erb within layouts/application
  Rendered static_pages/root.html.erb within layouts/application (1.1ms)
Completed 200 OK in 1085ms (Views: 1065.9ms | ActiveRecord: 0.0ms)


Started GET "/api/todos" for ::1 at 2019-04-23 16:35:50 -0700
Processing by Api::TodosController#index as JSON
  [1m[36mTodo Load (2.0ms)[0m  [1m[34mSELECT "todos".* FROM "todos"[0m
  ↳ app/controllers/api/todos_controller.rb:9
Completed 200 OK in 10ms (Views: 7.0ms | ActiveRecord: 2.0ms)


Started GET "/" for ::1 at 2019-04-23 16:36:52 -0700
Processing by StaticPagesController#root as HTML
  Rendering static_pages/root.html.erb within layouts/application
  Rendered static_pages/root.html.erb within layouts/application (0.4ms)
Completed 200 OK in 972ms (Views: 956.7ms | ActiveRecord: 0.0ms)


Started GET "/api/todos" for ::1 at 2019-04-23 16:36:53 -0700
Processing by Api::TodosController#index as JSON
  [1m[36mTodo Load (0.5ms)[0m  [1m[34mSELECT "todos".* FROM "todos"[0m
  ↳ app/controllers/api/todos_controller.rb:9
Completed 200 OK in 4ms (Views: 3.1ms | ActiveRecord: 0.5ms)


Started GET "/" for ::1 at 2019-04-23 16:37:17 -0700
Processing by StaticPagesController#root as HTML
  Rendering static_pages/root.html.erb within layouts/application
  Rendered static_pages/root.html.erb within layouts/application (0.5ms)
Completed 200 OK in 967ms (Views: 964.1ms | ActiveRecord: 0.0ms)


Started GET "/api/todos" for ::1 at 2019-04-23 16:37:18 -0700
Processing by Api::TodosController#index as JSON
  [1m[36mTodo Load (0.7ms)[0m  [1m[34mSELECT "todos".* FROM "todos"[0m
  ↳ app/controllers/api/todos_controller.rb:9
Completed 200 OK in 4ms (Views: 2.6ms | ActiveRecord: 0.7ms)


Started POST "/api/todos" for ::1 at 2019-04-23 16:37:22 -0700
Processing by Api::TodosController#create as JSON
  Parameters: {"todo"=>{"title"=>"i am bad at this", "body"=>"", "done"=>"false", "id"=>"1556062642021"}}
Unpermitted parameter: :id
  [1m[35m (0.2ms)[0m  [1m[35mBEGIN[0m
  ↳ app/controllers/api/todos_controller.rb:15
  [1m[36mTodo Create (47.0ms)[0m  [1m[32mINSERT INTO "todos" ("title", "body", "created_at", "updated_at") VALUES ($1, $2, $3, $4) RETURNING "id"[0m  [["title", "i am bad at this"], ["body", ""], ["created_at", "2019-04-23 23:37:22.031663"], ["updated_at", "2019-04-23 23:37:22.031663"]]
  ↳ app/controllers/api/todos_controller.rb:15
  [1m[35m (18.1ms)[0m  [1m[35mCOMMIT[0m
  ↳ app/controllers/api/todos_controller.rb:15
Completed 200 OK in 71ms (Views: 0.4ms | ActiveRecord: 65.4ms)


Started GET "/" for ::1 at 2019-04-23 16:39:21 -0700
Processing by StaticPagesController#root as HTML
  Rendering static_pages/root.html.erb within layouts/application
  Rendered static_pages/root.html.erb within layouts/application (1.5ms)
Completed 200 OK in 1318ms (Views: 1301.2ms | ActiveRecord: 0.0ms)


Started GET "/api/todos" for ::1 at 2019-04-23 16:39:23 -0700
Processing by Api::TodosController#index as JSON
  [1m[36mTodo Load (0.6ms)[0m  [1m[34mSELECT "todos".* FROM "todos"[0m
  ↳ app/controllers/api/todos_controller.rb:9
Completed 200 OK in 4ms (Views: 2.9ms | ActiveRecord: 0.6ms)


Started POST "/api/todos" for ::1 at 2019-04-23 16:39:33 -0700
Processing by Api::TodosController#create as JSON
  Parameters: {"todo"=>{"title"=>"", "body"=>"", "done"=>"false", "id"=>"1556062773272"}}
Unpermitted parameter: :id
  [1m[35m (0.2ms)[0m  [1m[35mBEGIN[0m
  ↳ app/controllers/api/todos_controller.rb:15
  [1m[35m (0.2ms)[0m  [1m[31mROLLBACK[0m
  ↳ app/controllers/api/todos_controller.rb:15
Completed 418  in 128ms (Views: 0.2ms | ActiveRecord: 0.4ms)


Started POST "/api/todos" for ::1 at 2019-04-23 16:39:36 -0700
Processing by Api::TodosController#create as JSON
  Parameters: {"todo"=>{"title"=>"", "body"=>"", "done"=>"false", "id"=>"1556062776910"}}
Unpermitted parameter: :id
  [1m[35m (0.2ms)[0m  [1m[35mBEGIN[0m
  ↳ app/controllers/api/todos_controller.rb:15
  [1m[35m (0.2ms)[0m  [1m[31mROLLBACK[0m
  ↳ app/controllers/api/todos_controller.rb:15
Completed 418  in 3ms (Views: 0.2ms | ActiveRecord: 0.4ms)


Started POST "/api/todos" for ::1 at 2019-04-23 16:39:37 -0700
Processing by Api::TodosController#create as JSON
  Parameters: {"todo"=>{"title"=>"", "body"=>"", "done"=>"false", "id"=>"1556062777374"}}
Unpermitted parameter: :id
  [1m[35m (0.2ms)[0m  [1m[35mBEGIN[0m
  ↳ app/controllers/api/todos_controller.rb:15
  [1m[35m (0.2ms)[0m  [1m[31mROLLBACK[0m
  ↳ app/controllers/api/todos_controller.rb:15
Completed 418  in 4ms (Views: 0.2ms | ActiveRecord: 0.4ms)


Started POST "/api/todos" for ::1 at 2019-04-23 16:39:37 -0700
Processing by Api::TodosController#create as JSON
  Parameters: {"todo"=>{"title"=>"", "body"=>"", "done"=>"false", "id"=>"1556062777533"}}
Unpermitted parameter: :id
  [1m[35m (0.2ms)[0m  [1m[35mBEGIN[0m
  ↳ app/controllers/api/todos_controller.rb:15
  [1m[35m (0.2ms)[0m  [1m[31mROLLBACK[0m
  ↳ app/controllers/api/todos_controller.rb:15
Completed 418  in 4ms (Views: 0.2ms | ActiveRecord: 0.4ms)


Started POST "/api/todos" for ::1 at 2019-04-23 16:39:38 -0700
Processing by Api::TodosController#create as JSON
  Parameters: {"todo"=>{"title"=>"", "body"=>"", "done"=>"false", "id"=>"1556062778038"}}
Unpermitted parameter: :id
  [1m[35m (0.2ms)[0m  [1m[35mBEGIN[0m
  ↳ app/controllers/api/todos_controller.rb:15
  [1m[35m (0.2ms)[0m  [1m[31mROLLBACK[0m
  ↳ app/controllers/api/todos_controller.rb:15
Completed 418  in 4ms (Views: 0.2ms | ActiveRecord: 0.5ms)


Started POST "/api/todos" for ::1 at 2019-04-23 16:39:55 -0700
Processing by Api::TodosController#create as JSON
  Parameters: {"todo"=>{"title"=>"test", "body"=>"", "done"=>"false", "id"=>"1556062795454"}}
Unpermitted parameter: :id
  [1m[35m (0.2ms)[0m  [1m[35mBEGIN[0m
  ↳ app/controllers/api/todos_controller.rb:15
  [1m[36mTodo Create (0.6ms)[0m  [1m[32mINSERT INTO "todos" ("title", "body", "created_at", "updated_at") VALUES ($1, $2, $3, $4) RETURNING "id"[0m  [["title", "test"], ["body", ""], ["created_at", "2019-04-23 23:39:55.476580"], ["updated_at", "2019-04-23 23:39:55.476580"]]
  ↳ app/controllers/api/todos_controller.rb:15
  [1m[35m (0.5ms)[0m  [1m[35mCOMMIT[0m
  ↳ app/controllers/api/todos_controller.rb:15
Completed 200 OK in 4ms (Views: 0.4ms | ActiveRecord: 1.3ms)


Started GET "/" for ::1 at 2019-04-23 16:41:08 -0700
Processing by StaticPagesController#root as HTML
  Rendering static_pages/root.html.erb within layouts/application
  Rendered static_pages/root.html.erb within layouts/application (0.5ms)
Completed 200 OK in 985ms (Views: 972.9ms | ActiveRecord: 0.0ms)


Started GET "/api/todos" for ::1 at 2019-04-23 16:41:10 -0700
Processing by Api::TodosController#index as JSON
  [1m[36mTodo Load (0.7ms)[0m  [1m[34mSELECT "todos".* FROM "todos"[0m
  ↳ app/controllers/api/todos_controller.rb:9
Completed 200 OK in 5ms (Views: 4.1ms | ActiveRecord: 0.7ms)


Started POST "/api/todos" for ::1 at 2019-04-23 16:41:16 -0700
Processing by Api::TodosController#create as JSON
  Parameters: {"todo"=>{"title"=>"learn javascript", "body"=>"", "done"=>"false", "id"=>"1556062876274"}}
Unpermitted parameter: :id
  [1m[35m (0.2ms)[0m  [1m[35mBEGIN[0m
  ↳ app/controllers/api/todos_controller.rb:15
  [1m[36mTodo Create (0.7ms)[0m  [1m[32mINSERT INTO "todos" ("title", "body", "created_at", "updated_at") VALUES ($1, $2, $3, $4) RETURNING "id"[0m  [["title", "learn javascript"], ["body", ""], ["created_at", "2019-04-23 23:41:16.284617"], ["updated_at", "2019-04-23 23:41:16.284617"]]
  ↳ app/controllers/api/todos_controller.rb:15
  [1m[35m (0.6ms)[0m  [1m[35mCOMMIT[0m
  ↳ app/controllers/api/todos_controller.rb:15
Completed 200 OK in 8ms (Views: 0.5ms | ActiveRecord: 1.6ms)


Started GET "/" for ::1 at 2019-04-23 16:55:33 -0700
Processing by StaticPagesController#root as HTML
  Rendering static_pages/root.html.erb within layouts/application
  Rendered static_pages/root.html.erb within layouts/application (1.8ms)
Completed 200 OK in 1020ms (Views: 1004.4ms | ActiveRecord: 0.0ms)


Started GET "/api/todos" for ::1 at 2019-04-23 16:55:34 -0700
Processing by Api::TodosController#index as JSON
  [1m[36mTodo Load (5.6ms)[0m  [1m[34mSELECT "todos".* FROM "todos"[0m
  ↳ app/controllers/api/todos_controller.rb:9
Completed 200 OK in 49ms (Views: 42.7ms | ActiveRecord: 5.6ms)


Started GET "/" for ::1 at 2019-04-23 16:55:40 -0700
Processing by StaticPagesController#root as HTML
  Rendering static_pages/root.html.erb within layouts/application
  Rendered static_pages/root.html.erb within layouts/application (0.4ms)
Completed 200 OK in 39ms (Views: 35.3ms | ActiveRecord: 0.0ms)


Started GET "/api/todos" for ::1 at 2019-04-23 16:55:40 -0700
Processing by Api::TodosController#index as JSON
  [1m[36mTodo Load (0.6ms)[0m  [1m[34mSELECT "todos".* FROM "todos"[0m
  ↳ app/controllers/api/todos_controller.rb:9
Completed 200 OK in 5ms (Views: 4.3ms | ActiveRecord: 0.6ms)


Started GET "/" for ::1 at 2019-04-23 16:55:41 -0700
Processing by StaticPagesController#root as HTML
  Rendering static_pages/root.html.erb within layouts/application
  Rendered static_pages/root.html.erb within layouts/application (0.7ms)
Completed 200 OK in 32ms (Views: 29.9ms | ActiveRecord: 0.0ms)


Started GET "/api/todos" for ::1 at 2019-04-23 16:55:41 -0700
Processing by Api::TodosController#index as JSON
  [1m[36mTodo Load (0.9ms)[0m  [1m[34mSELECT "todos".* FROM "todos"[0m
  ↳ app/controllers/api/todos_controller.rb:9
Completed 200 OK in 6ms (Views: 4.3ms | ActiveRecord: 0.9ms)


Started GET "/" for ::1 at 2019-04-23 16:55:42 -0700
Processing by StaticPagesController#root as HTML
  Rendering static_pages/root.html.erb within layouts/application
  Rendered static_pages/root.html.erb within layouts/application (0.4ms)
Completed 200 OK in 31ms (Views: 28.5ms | ActiveRecord: 0.0ms)


Started GET "/api/todos" for ::1 at 2019-04-23 16:55:42 -0700
Processing by Api::TodosController#index as JSON
  [1m[36mTodo Load (0.6ms)[0m  [1m[34mSELECT "todos".* FROM "todos"[0m
  ↳ app/controllers/api/todos_controller.rb:9
Completed 200 OK in 4ms (Views: 3.5ms | ActiveRecord: 0.6ms)


Started GET "/" for ::1 at 2019-04-23 16:55:54 -0700
Processing by StaticPagesController#root as HTML
  Rendering static_pages/root.html.erb within layouts/application
  Rendered static_pages/root.html.erb within layouts/application (0.5ms)
Completed 200 OK in 80ms (Views: 77.2ms | ActiveRecord: 0.0ms)


Started GET "/api/todos" for ::1 at 2019-04-23 16:55:55 -0700
Processing by Api::TodosController#index as JSON
  [1m[36mTodo Load (0.8ms)[0m  [1m[34mSELECT "todos".* FROM "todos"[0m
  ↳ app/controllers/api/todos_controller.rb:9
Completed 200 OK in 5ms (Views: 4.2ms | ActiveRecord: 0.8ms)


Started GET "/" for ::1 at 2019-04-23 16:55:56 -0700
Processing by StaticPagesController#root as HTML
  Rendering static_pages/root.html.erb within layouts/application
  Rendered static_pages/root.html.erb within layouts/application (0.6ms)
Completed 200 OK in 859ms (Views: 857.2ms | ActiveRecord: 0.0ms)


Started GET "/" for ::1 at 2019-04-23 16:56:10 -0700
Processing by StaticPagesController#root as HTML
  Rendering static_pages/root.html.erb within layouts/application
  Rendered static_pages/root.html.erb within layouts/application (0.6ms)
Completed 200 OK in 1083ms (Views: 1069.4ms | ActiveRecord: 0.0ms)


Started GET "/api/todos" for ::1 at 2019-04-23 16:56:12 -0700
Processing by Api::TodosController#index as JSON
  [1m[36mTodo Load (0.4ms)[0m  [1m[34mSELECT "todos".* FROM "todos"[0m
  ↳ app/controllers/api/todos_controller.rb:9
Completed 200 OK in 4ms (Views: 3.1ms | ActiveRecord: 0.4ms)


Started GET "/" for ::1 at 2019-04-23 16:58:44 -0700
Processing by StaticPagesController#root as HTML
  Rendering static_pages/root.html.erb within layouts/application
  Rendered static_pages/root.html.erb within layouts/application (1.9ms)
Completed 200 OK in 1401ms (Views: 1381.7ms | ActiveRecord: 0.0ms)


Started GET "/api/todos" for ::1 at 2019-04-23 16:58:46 -0700
Processing by Api::TodosController#index as JSON
  [1m[36mTodo Load (1.2ms)[0m  [1m[34mSELECT "todos".* FROM "todos"[0m
  ↳ app/controllers/api/todos_controller.rb:9
Completed 200 OK in 15ms (Views: 12.5ms | ActiveRecord: 1.2ms)


Started POST "/api/todos" for ::1 at 2019-04-23 16:58:54 -0700
Processing by Api::TodosController#create as JSON
  Parameters: {"todo"=>{"title"=>"", "body"=>"", "done"=>"false", "id"=>"1556063934030"}}
Unpermitted parameter: :id
  [1m[35m (0.2ms)[0m  [1m[35mBEGIN[0m
  ↳ app/controllers/api/todos_controller.rb:15
  [1m[35m (0.2ms)[0m  [1m[31mROLLBACK[0m
  ↳ app/controllers/api/todos_controller.rb:15
Completed 418  in 7ms (Views: 0.6ms | ActiveRecord: 0.5ms)


